<?xml version="1.0" encoding="UTF-8"?>
<!-- Generated by org.testng.reporters.JUnitXMLReporter -->
<testsuite ignored="0" hostname="Ankush" failures="1" tests="2" name="SubmitOrderTest" time="32.894" errors="0" timestamp="27 Mar. 2024 09:22:41 GMT">
  <testcase classname="Priyankaacademy.SeleniumFrameworkDesign.SubmitOrderTest" name="submitOrder" time="7.898"/>
  <testcase classname="Priyankaacademy.SeleniumFrameworkDesign.SubmitOrderTest" name="submitOrder" time="2.588">
    <failure type="org.openqa.selenium.ElementClickInterceptedException" message="element click intercepted: Element &amp;lt;button _ngcontent-dkt-c34=&amp;quot;&amp;quot; class=&amp;quot;btn w-10 rounded&amp;quot; style=&amp;quot;float: right;&amp;quot;&amp;gt;...&amp;lt;/button&amp;gt; is not clickable at point (687, 496). Other element would receive the click: &amp;lt;img _ngcontent-dkt-c34=&amp;quot;&amp;quot; class=&amp;quot;card-img-top&amp;quot; src=&amp;quot;https://rahulshettyacademy.com/api/ecom/uploads/productImage_1711267192027.png&amp;quot;&amp;gt;
  (Session info: chrome=123.0.6312.59)
Build info: version: &amp;apos;4.3.0&amp;apos;, revision: &amp;apos;a4995e2c09*&amp;apos;
System info: host: &amp;apos;ANKUSH&amp;apos;, ip: &amp;apos;192.168.0.184&amp;apos;, os.name: &amp;apos;Windows 10&amp;apos;, os.arch: &amp;apos;amd64&amp;apos;, os.version: &amp;apos;10.0&amp;apos;, java.version: &amp;apos;17.0.9&amp;apos;
Driver info: org.openqa.selenium.chrome.ChromeDriver
Command: [a5b0baca26395a7677efcca864e7865e, clickElement {id=f.CF456DC86E5B087CAA04B6AD55A20848.d.3421424135A56BD9EC84D4AAAAA603F3.e.89}]
Capabilities {acceptInsecureCerts: false, browserName: chrome, browserVersion: 123.0.6312.59, chrome: {chromedriverVersion: 122.0.6261.111 (9d4c1072da6..., userDataDir: C:\WINDOWS\SystemTemp\scope...}, fedcm:accounts: true, goog:chromeOptions: {debuggerAddress: localhost:57582}, networkConnectionEnabled: false, pageLoadStrategy: normal, platformName: WINDOWS, proxy: Proxy(), se:cdp: ws://localhost:57582/devtoo..., se:cdpVersion: 123.0.6312.59, setWindowRect: true, strictFileInteractability: false, timeouts: {implicit: 0, pageLoad: 300000, script: 30000}, unhandledPromptBehavior: dismiss and notify, webauthn:extension:credBlob: true, webauthn:extension:largeBlob: true, webauthn:extension:minPinLength: true, webauthn:extension:prf: true, webauthn:virtualAuthenticators: true}
Element: [[[[ChromeDriver: chrome on WINDOWS (a5b0baca26395a7677efcca864e7865e)] -&amp;gt; css selector: .mb-3]] -&amp;gt; css selector: .card-body button:last-of-type]
Session ID: a5b0baca26395a7677efcca864e7865e">
      <![CDATA[org.openqa.selenium.ElementClickInterceptedException: element click intercepted: Element <button _ngcontent-dkt-c34="" class="btn w-10 rounded" style="float: right;">...</button> is not clickable at point (687, 496). Other element would receive the click: <img _ngcontent-dkt-c34="" class="card-img-top" src="https://rahulshettyacademy.com/api/ecom/uploads/productImage_1711267192027.png">
  (Session info: chrome=123.0.6312.59)
Build info: version: '4.3.0', revision: 'a4995e2c09*'
System info: host: 'ANKUSH', ip: '192.168.0.184', os.name: 'Windows 10', os.arch: 'amd64', os.version: '10.0', java.version: '17.0.9'
Driver info: org.openqa.selenium.chrome.ChromeDriver
Command: [a5b0baca26395a7677efcca864e7865e, clickElement {id=f.CF456DC86E5B087CAA04B6AD55A20848.d.3421424135A56BD9EC84D4AAAAA603F3.e.89}]
Capabilities {acceptInsecureCerts: false, browserName: chrome, browserVersion: 123.0.6312.59, chrome: {chromedriverVersion: 122.0.6261.111 (9d4c1072da6..., userDataDir: C:\WINDOWS\SystemTemp\scope...}, fedcm:accounts: true, goog:chromeOptions: {debuggerAddress: localhost:57582}, networkConnectionEnabled: false, pageLoadStrategy: normal, platformName: WINDOWS, proxy: Proxy(), se:cdp: ws://localhost:57582/devtoo..., se:cdpVersion: 123.0.6312.59, setWindowRect: true, strictFileInteractability: false, timeouts: {implicit: 0, pageLoad: 300000, script: 30000}, unhandledPromptBehavior: dismiss and notify, webauthn:extension:credBlob: true, webauthn:extension:largeBlob: true, webauthn:extension:minPinLength: true, webauthn:extension:prf: true, webauthn:virtualAuthenticators: true}
Element: [[[[ChromeDriver: chrome on WINDOWS (a5b0baca26395a7677efcca864e7865e)] -> css selector: .mb-3]] -> css selector: .card-body button:last-of-type]
Session ID: a5b0baca26395a7677efcca864e7865e
at org.openqa.selenium.remote.codec.w3c.W3CHttpResponseCodec.createException(W3CHttpResponseCodec.java:200)
at org.openqa.selenium.remote.codec.w3c.W3CHttpResponseCodec.decode(W3CHttpResponseCodec.java:133)
at org.openqa.selenium.remote.codec.w3c.W3CHttpResponseCodec.decode(W3CHttpResponseCodec.java:53)
at org.openqa.selenium.remote.HttpCommandExecutor.execute(HttpCommandExecutor.java:184)
at org.openqa.selenium.remote.service.DriverCommandExecutor.invokeExecute(DriverCommandExecutor.java:167)
at org.openqa.selenium.remote.service.DriverCommandExecutor.execute(DriverCommandExecutor.java:142)
at org.openqa.selenium.remote.RemoteWebDriver.execute(RemoteWebDriver.java:569)
at org.openqa.selenium.remote.RemoteWebElement.execute(RemoteWebElement.java:257)
at org.openqa.selenium.remote.RemoteWebElement.click(RemoteWebElement.java:78)
at Priyankaacademy.pageobjects.ProductCatalogue.addProductToCart(ProductCatalogue.java:55)
at Priyankaacademy.SeleniumFrameworkDesign.SubmitOrderTest.submitOrder(SubmitOrderTest.java:47)
at java.base/java.util.concurrent.FutureTask.run(FutureTask.java:264)
at java.base/java.util.concurrent.ThreadPoolExecutor.runWorker(ThreadPoolExecutor.java:1136)
at java.base/java.util.concurrent.ThreadPoolExecutor$Worker.run(ThreadPoolExecutor.java:635)
at java.base/java.lang.Thread.run(Thread.java:842)
... Removed 21 stack frames]]>
    </failure>
  </testcase> <!-- submitOrder -->
</testsuite> <!-- SubmitOrderTest -->
